<?xml version="1.0" encoding="UTF-8"?>
<testng-results ignored="0" total="1" passed="1" failed="0" skipped="0">
  <reporter-output>
  </reporter-output>
  <suite started-at="2022-05-24T09:07:26 IST" name="Default suite" finished-at="2022-05-24T09:07:37 IST" duration-ms="10993">
    <groups>
    </groups>
    <test started-at="2022-05-24T09:07:26 IST" name="Default test" finished-at="2022-05-24T09:07:37 IST" duration-ms="10993">
      <class name="testscript.Login">
        <test-method is-config="true" signature="openApp()[pri:0, instance:testscript.Login@3d6f0054]" started-at="2022-05-24T09:07:26 IST" name="openApp" finished-at="2022-05-24T09:07:35 IST" duration-ms="8408" status="PASS">
          <reporter-output>
          </reporter-output>
        </test-method> <!-- openApp -->
        <test-method signature="testLogin()[pri:0, instance:testscript.Login@3d6f0054]" started-at="2022-05-24T09:07:35 IST" name="testLogin" finished-at="2022-05-24T09:07:37 IST" duration-ms="2506" status="PASS">
          <reporter-output>
          </reporter-output>
        </test-method> <!-- testLogin -->
        <test-method is-config="true" signature="closeA()[pri:0, instance:testscript.Login@3d6f0054]" started-at="2022-05-24T09:07:37 IST" name="closeA" finished-at="2022-05-24T09:07:37 IST" duration-ms="1" status="PASS">
          <reporter-output>
          </reporter-output>
        </test-method> <!-- closeA -->
      </class> <!-- testscript.Login -->
    </test> <!-- Default test -->
  </suite> <!-- Default suite -->
</testng-results>
